<?xml version="1.0" encoding="UTF-8"?>
<!-- Generated by org.testng.reporters.JUnitReportReporter -->
<testsuite hostname="DE-GN-30721" failures="0" tests="1" name="com.douglas.tests.testCorrectCredentialsLogin" time="6.630" errors="0" timestamp="2020-07-08T15:19:17 MESZ" skipped="0">
  <testcase classname="com.douglas.tests.testCorrectCredentialsLogin" name="testForLogin" time="6.630"/>
  <system-out/>
</testsuite> <!-- com.douglas.tests.testCorrectCredentialsLogin -->
