<?xml version="1.0" encoding="UTF-8"?>
<!-- Generated by org.testng.reporters.JUnitReportReporter -->
<testsuite hostname="DE-GN-30721" failures="0" tests="3" name="com.douglas.tests.test2" time="33.808" errors="0" timestamp="2020-07-08T12:52:19 MESZ" skipped="0">
  <testcase classname="com.douglas.tests.test2" name="testForWrongCredentials" time="13.872"/>
  <system-out/>
  <testcase classname="com.douglas.tests.test2" name="testForWrongCredentials" time="9.814"/>
  <system-out/>
  <testcase classname="com.douglas.tests.test2" name="testForWrongCredentials" time="10.122"/>
  <system-out/>
</testsuite> <!-- com.douglas.tests.test2 -->
