<?xml version="1.0" encoding="UTF-8"?>
<!-- Generated by org.testng.reporters.JUnitReportReporter -->
<testsuite hostname="DE-GN-30721" failures="0" tests="1" name="com.douglas.tests.testResetPassword" time="7.497" errors="0" timestamp="2020-07-08T15:25:50 MESZ" skipped="0">
  <testcase classname="com.douglas.tests.testResetPassword" name="testForResetPassword" time="7.497"/>
  <system-out/>
</testsuite> <!-- com.douglas.tests.testResetPassword -->
