<?xml version="1.0" encoding="UTF-8"?>
<!-- Generated by org.testng.reporters.JUnitReportReporter -->
<testsuite hostname="DE-GN-30721" failures="0" tests="3" name="com.douglas.tests.testWrongCredentials" time="37.839" errors="0" timestamp="2020-07-08T15:24:10 MESZ" skipped="0">
  <testcase classname="com.douglas.tests.testWrongCredentials" name="testForWrongCredentials" time="13.770"/>
  <system-out/>
  <testcase classname="com.douglas.tests.testWrongCredentials" name="testForWrongCredentials" time="9.960"/>
  <system-out/>
  <testcase classname="com.douglas.tests.testWrongCredentials" name="testForWrongCredentials" time="14.109"/>
  <system-out/>
</testsuite> <!-- com.douglas.tests.testWrongCredentials -->
